<?xml version="1.0" encoding="UTF-8"?>
<testsuite name="xyz.dongguo.lesson.Day01Test" tests="2" skipped="0" failures="0" errors="0" timestamp="2022-11-24T21:05:40" hostname="BH408-05.local" time="0.372">
  <properties/>
  <testcase name="operate()" classname="xyz.dongguo.lesson.Day01Test" time="0.016"/>
  <testcase name="printFullName()" classname="xyz.dongguo.lesson.Day01Test" time="0.355"/>
  <system-out><![CDATA[$  please enter your lastName: 
$  please enter your firstName: 
$  Your name is : dongguo WU
]]></system-out>
  <system-err><![CDATA[]]></system-err>
</testsuite>
